<?xml version="1.0" encoding="UTF-8"?>
<!-- Generated by org.testng.reporters.JUnitReportReporter -->
<testsuite hostname="DESKTOP-HRQNDCP" failures="0" tests="1" name="com.TestNG.OHRM_login" time="5.411" errors="0" timestamp="2023-12-26T11:11:25 PST" skipped="0">
  <testcase classname="com.TestNG.OHRM_login" name="login" time="5.411"/>
  <system-out/>
</testsuite> <!-- com.TestNG.OHRM_login -->
