<?xml version="1.0" encoding="UTF-8"?>
<!-- Generated by org.testng.reporters.JUnitReportReporter -->
<testsuite hostname="DESKTOP-HRQNDCP" failures="0" tests="4" name="com.TestNG.AddEmployee" time="9.015" errors="0" timestamp="2023-12-25T11:40:31 PST" skipped="0">
  <testcase classname="com.TestNG.AddEmployee" name="login" time="5.169"/>
  <system-out/>
  <testcase classname="com.TestNG.AddEmployee" name="Pim" time="0.525"/>
  <system-out/>
  <testcase classname="com.TestNG.AddEmployee" name="AddEmployee" time="2.415"/>
  <system-out/>
  <testcase classname="com.TestNG.AddEmployee" name="AddEmployeedata" time="0.906"/>
  <system-out/>
</testsuite> <!-- com.TestNG.AddEmployee -->
