<?xml version="1.0" encoding="UTF-8"?>
<!-- Generated by org.testng.reporters.JUnitReportReporter -->
<testsuite hostname="DESKTOP-HRQNDCP" failures="0" tests="1" name="com.TestNG.Annotations1" time="0.113" errors="0" timestamp="2023-12-20T10:08:31 PST" skipped="0">
  <testcase classname="com.TestNG.Annotations1" name="gmailapplicationLaunch" time="0.113"/>
  <system-out/>
</testsuite> <!-- com.TestNG.Annotations1 -->
