<?xml version="1.0" encoding="UTF-8"?>
<!-- Generated by org.testng.reporters.JUnitReportReporter -->
<testsuite hostname="DESKTOP-HRQNDCP" failures="0" tests="3" name="com.TestNG.OHRM_WelcomeAdmin" time="7.705" errors="0" timestamp="2023-12-25T09:57:38 PST" skipped="0">
  <testcase classname="com.TestNG.OHRM_WelcomeAdmin" name="login" time="5.135"/>
  <system-out/>
  <testcase classname="com.TestNG.OHRM_WelcomeAdmin" name="Welcomeadmin" time="0.381"/>
  <system-out/>
  <testcase classname="com.TestNG.OHRM_WelcomeAdmin" name="Logout" time="2.189"/>
  <system-out/>
</testsuite> <!-- com.TestNG.OHRM_WelcomeAdmin -->
