<?xml version="1.0" encoding="UTF-8"?>
<!-- Generated by org.testng.reporters.JUnitReportReporter -->
<testsuite hostname="DESKTOP-HRQNDCP" failures="0" tests="4" name="com.TestNG.AutoIT" time="55.408" errors="0" timestamp="2023-12-26T15:17:04 PST" skipped="0">
  <testcase classname="com.TestNG.AutoIT" name="login" time="18.236"/>
  <system-out/>
  <testcase classname="com.TestNG.AutoIT" name="Pim" time="0.697"/>
  <system-out/>
  <testcase classname="com.TestNG.AutoIT" name="AddEmployee" time="5.993"/>
  <system-out/>
  <testcase classname="com.TestNG.AutoIT" name="AddEmployeedata" time="30.482"/>
  <system-out/>
</testsuite> <!-- com.TestNG.AutoIT -->
