<?xml version="1.0" encoding="UTF-8"?>
<!-- Generated by org.testng.reporters.JUnitReportReporter -->
<testsuite hostname="DESKTOP-HRQNDCP" failures="0" tests="3" name="com.TestNG.OHRM_Pim" time="8.046" errors="0" timestamp="2023-12-25T10:55:23 PST" skipped="0">
  <testcase classname="com.TestNG.OHRM_Pim" name="login" time="4.973"/>
  <system-out/>
  <testcase classname="com.TestNG.OHRM_Pim" name="Pim" time="0.530"/>
  <system-out/>
  <testcase classname="com.TestNG.OHRM_Pim" name="AddEmployee" time="2.543"/>
  <system-out/>
</testsuite> <!-- com.TestNG.OHRM_Pim -->
